Determining if the sched_getcpu exist failed with the following output:
Change Dir: /Users/user165103/Desktop/MOP/mongo-c-driver-1.16.2/cmake-build/CMakeFiles/CMakeTmp

Run Build Command(s):/usr/bin/make cmTC_db4b1/fast && /Applications/Xcode.app/Contents/Developer/usr/bin/make -f CMakeFiles/cmTC_db4b1.dir/build.make CMakeFiles/cmTC_db4b1.dir/build
Building C object CMakeFiles/cmTC_db4b1.dir/CheckSymbolExists.c.o
/Applications/Xcode.app/Contents/Developer/Toolchains/XcodeDefault.xctoolchain/usr/bin/cc   -isysroot /Applications/Xcode.app/Contents/Developer/Platforms/MacOSX.platform/Developer/SDKs/MacOSX10.15.sdk   -o CMakeFiles/cmTC_db4b1.dir/CheckSymbolExists.c.o   -c /Users/user165103/Desktop/MOP/mongo-c-driver-1.16.2/cmake-build/CMakeFiles/CMakeTmp/CheckSymbolExists.c
/Users/user165103/Desktop/MOP/mongo-c-driver-1.16.2/cmake-build/CMakeFiles/CMakeTmp/CheckSymbolExists.c:8:19: error: use of undeclared identifier 'sched_getcpu'
  return ((int*)(&sched_getcpu))[argc];
                  ^
1 error generated.
make[1]: *** [CMakeFiles/cmTC_db4b1.dir/CheckSymbolExists.c.o] Error 1
make: *** [cmTC_db4b1/fast] Error 2


File /Users/user165103/Desktop/MOP/mongo-c-driver-1.16.2/cmake-build/CMakeFiles/CMakeTmp/CheckSymbolExists.c:
/* */
#include <sched.h>

int main(int argc, char** argv)
{
  (void)argv;
#ifndef sched_getcpu
  return ((int*)(&sched_getcpu))[argc];
#else
  (void)argc;
  return 0;
#endif
}
